SF:lib/constants/enums/routes.dart
DA:12,1
DA:13,5
DA:15,2
LF:3
LH:3
end_of_record
SF:lib/constants/menu.dart
DA:6,3
DA:7,1
DA:12,1
DA:17,1
DA:24,3
DA:25,1
LF:6
LH:6
end_of_record
SF:lib/utils/theme_injector_for_tests.dart
DA:6,4
DA:16,4
DA:18,4
DA:19,4
DA:20,4
DA:21,4
DA:23,4
DA:24,4
LF:8
LH:8
end_of_record
SF:lib/widgets/side_menu.dart
DA:14,1
DA:15,1
DA:19,0
DA:20,0
DA:23,1
DA:25,1
DA:26,1
DA:27,1
DA:28,1
DA:29,1
DA:30,1
DA:31,1
DA:32,1
DA:33,3
DA:34,3
DA:36,1
DA:37,0
DA:39,1
DA:40,1
DA:42,1
DA:44,1
DA:45,1
DA:47,1
DA:49,1
DA:50,1
DA:52,1
DA:53,1
DA:54,1
DA:55,1
DA:56,2
DA:57,1
DA:58,0
DA:59,0
DA:61,3
DA:65,1
DA:66,1
DA:67,1
DA:69,1
DA:71,1
DA:75,1
DA:76,1
DA:79,1
DA:81,1
DA:82,1
DA:85,1
DA:100,1
DA:101,1
DA:107,1
DA:109,1
DA:110,0
DA:111,0
DA:113,1
DA:114,1
DA:115,1
DA:116,1
DA:117,1
DA:118,1
DA:119,1
DA:120,1
DA:121,1
DA:122,1
LF:61
LH:54
end_of_record
SF:lib/constants/enums/icons.dart
DA:18,3
LF:1
LH:1
end_of_record
SF:lib/models/menu.dart
DA:8,1
DA:10,1
DA:16,2
DA:22,1
LF:4
LH:4
end_of_record
SF:lib/theme.dart
DA:19,6
DA:21,2
DA:23,2
DA:25,1
DA:27,1
DA:29,1
DA:31,1
DA:33,1
DA:35,0
DA:37,0
DA:39,0
DA:41,0
DA:43,0
LF:13
LH:8
end_of_record
SF:lib/utils/theme.dart
DA:4,4
DA:5,4
DA:6,4
DA:8,4
DA:9,4
DA:10,4
DA:12,4
DA:17,4
DA:19,4
DA:21,4
DA:22,4
DA:24,4
DA:25,4
DA:27,4
DA:28,4
DA:29,4
DA:30,4
DA:31,4
DA:32,4
DA:33,4
LF:20
LH:20
end_of_record
SF:lib/widgets/margin.dart
DA:5,1
DA:18,1
DA:23,1
DA:31,1
DA:34,1
DA:42,1
DA:44,1
DA:45,1
DA:46,2
DA:47,2
DA:48,2
DA:49,2
DA:51,1
LF:13
LH:13
end_of_record
SF:lib/widgets/spacer.dart
DA:5,1
DA:12,1
DA:16,1
DA:20,1
DA:24,1
DA:28,2
DA:32,1
DA:36,1
DA:40,1
DA:44,2
DA:46,2
DA:47,4
DA:48,4
LF:13
LH:13
end_of_record
SF:lib/widgets/typo.dart
DA:5,1
DA:16,1
DA:17,2
DA:18,1
DA:19,1
DA:20,1
DA:21,1
DA:22,1
DA:23,1
DA:24,2
DA:32,1
DA:34,1
DA:35,1
DA:36,2
DA:38,1
DA:39,1
DA:41,1
LF:17
LH:17
end_of_record
SF:lib/widgets/background.dart
DA:7,1
DA:8,1
DA:11,1
DA:13,1
DA:14,1
DA:15,1
DA:17,1
DA:18,1
DA:24,1
DA:27,1
LF:10
LH:10
end_of_record
SF:lib/constants/enums/image_variation.dart
DA:19,2
DA:20,8
LF:2
LH:2
end_of_record
SF:lib/widgets/app_image.dart
DA:5,2
DA:22,2
DA:24,2
DA:25,6
DA:26,2
DA:27,2
DA:28,2
LF:7
LH:7
end_of_record
